<?xml version="1.0" encoding="UTF-8"?>
<!-- Generated by org.testng.reporters.JUnitReportReporter -->
<testsuite hostname="AMM-TSME-219JK6" failures="0" tests="1" name="Jodayn.getCompetitions" time="5.034" errors="0" timestamp="2024-08-05T12:31:57 EET" skipped="0">
  <testcase classname="Jodayn.getCompetitions" name="SearchForCompetition" time="5.034"/>
  <system-out/>
</testsuite> <!-- Jodayn.getCompetitions -->
