<?xml version="1.0" encoding="UTF-8"?>
<!-- Generated by org.testng.reporters.JUnitReportReporter -->
<testsuite hostname="AMM-TSME-219JK6" failures="0" tests="1" name="test101.class2" time="3.694" errors="0" timestamp="2024-08-05T11:21:45 EET" skipped="0">
  <testcase classname="test101.class2" name="SearchForCompetition" time="3.694"/>
  <system-out/>
</testsuite> <!-- test101.class2 -->
