<?xml version="1.0" encoding="UTF-8"?>
<!-- Generated by org.testng.reporters.JUnitReportReporter -->
<testsuite hostname="AMM-TSME-219JK6" failures="0" tests="1" name="Jodayn.getCompetitions" time="22.086" errors="0" timestamp="2024-10-06T09:42:17 EET" skipped="0">
  <testcase classname="Jodayn.getCompetitions" name="SearchForCompetition" time="22.086"/>
</testsuite> <!-- Jodayn.getCompetitions -->
