<?xml version="1.0" encoding="UTF-8"?>
<!-- Generated by org.testng.reporters.JUnitReportReporter -->
<testsuite hostname="AMM-TSME-219JK6" failures="0" tests="1" name="Jodayn.getCompetitions" time="10.465" errors="0" timestamp="2024-08-06T12:42:32 EET" skipped="0">
  <testcase classname="Jodayn.getCompetitions" name="SearchForCompetition" time="10.465"/>
</testsuite> <!-- Jodayn.getCompetitions -->
